{"level":"info","message":"Listening to port 3000...","timestamp":"2018-11-23T16:27:09.627Z"}
{"level":"info","message":"Server on development environment...","timestamp":"2018-11-23T16:27:09.629Z"}
{"level":"info","message":"Listening to port 3000...","timestamp":"2018-11-23T17:11:30.749Z"}
{"level":"info","message":"Server on development environment...","timestamp":"2018-11-23T17:11:30.751Z"}
{"level":"info","message":"Listening to port 3000...","timestamp":"2018-11-23T17:13:40.797Z"}
{"level":"info","message":"Server on development environment...","timestamp":"2018-11-23T17:13:40.799Z"}
{"level":"info","message":"Listening to port 3000...","timestamp":"2018-11-23T17:14:20.022Z"}
{"level":"info","message":"Server on development environment...","timestamp":"2018-11-23T17:14:20.024Z"}
{"level":"info","message":"Listening to port 3000...","timestamp":"2018-11-23T17:23:06.826Z"}
{"level":"info","message":"Server on development environment...","timestamp":"2018-11-23T17:23:06.828Z"}
{"message":"TypeError: Cannot read property 'slice' of undefined","stack":"Error: TypeError: Cannot read property 'slice' of undefined\n    at getAllPhotos (C:\\Or\\Web\\JobTests\\_Solutions_v2\\Server-Node\\routes\\photos.js:17:15)\n    at router.get (C:\\Or\\Web\\JobTests\\_Solutions_v2\\Server-Node\\routes\\photos.js:41:29)\n    at newFn (C:\\Or\\Web\\JobTests\\_Solutions_v2\\Server-Node\\node_modules\\express-async-errors\\index.js:16:20)\n    at Layer.handle [as handle_request] (C:\\Or\\Web\\JobTests\\_Solutions_v2\\Server-Node\\node_modules\\express\\lib\\router\\layer.js:95:5)\n    at next (C:\\Or\\Web\\JobTests\\_Solutions_v2\\Server-Node\\node_modules\\express\\lib\\router\\route.js:137:13)\n    at Route.dispatch (C:\\Or\\Web\\JobTests\\_Solutions_v2\\Server-Node\\node_modules\\express\\lib\\router\\route.js:112:3)\n    at newFn (C:\\Or\\Web\\JobTests\\_Solutions_v2\\Server-Node\\node_modules\\express-async-errors\\index.js:16:20)\n    at Layer.handle [as handle_request] (C:\\Or\\Web\\JobTests\\_Solutions_v2\\Server-Node\\node_modules\\express\\lib\\router\\layer.js:95:5)\n    at C:\\Or\\Web\\JobTests\\_Solutions_v2\\Server-Node\\node_modules\\express\\lib\\router\\index.js:281:22\n    at Function.process_params (C:\\Or\\Web\\JobTests\\_Solutions_v2\\Server-Node\\node_modules\\express\\lib\\router\\index.js:335:12)","level":"error","timestamp":"2018-11-23T17:23:12.541Z"}
{"message":"TypeError: photos.slice is not a function","stack":"Error: TypeError: photos.slice is not a function\n    at getAllPhotos (C:\\Or\\Web\\JobTests\\_Solutions_v2\\Server-Node\\routes\\photos.js:17:15)\n    at router.get (C:\\Or\\Web\\JobTests\\_Solutions_v2\\Server-Node\\routes\\photos.js:41:29)\n    at newFn (C:\\Or\\Web\\JobTests\\_Solutions_v2\\Server-Node\\node_modules\\express-async-errors\\index.js:16:20)\n    at Layer.handle [as handle_request] (C:\\Or\\Web\\JobTests\\_Solutions_v2\\Server-Node\\node_modules\\express\\lib\\router\\layer.js:95:5)\n    at next (C:\\Or\\Web\\JobTests\\_Solutions_v2\\Server-Node\\node_modules\\express\\lib\\router\\route.js:137:13)\n    at Route.dispatch (C:\\Or\\Web\\JobTests\\_Solutions_v2\\Server-Node\\node_modules\\express\\lib\\router\\route.js:112:3)\n    at newFn (C:\\Or\\Web\\JobTests\\_Solutions_v2\\Server-Node\\node_modules\\express-async-errors\\index.js:16:20)\n    at Layer.handle [as handle_request] (C:\\Or\\Web\\JobTests\\_Solutions_v2\\Server-Node\\node_modules\\express\\lib\\router\\layer.js:95:5)\n    at C:\\Or\\Web\\JobTests\\_Solutions_v2\\Server-Node\\node_modules\\express\\lib\\router\\index.js:281:22\n    at Function.process_params (C:\\Or\\Web\\JobTests\\_Solutions_v2\\Server-Node\\node_modules\\express\\lib\\router\\index.js:335:12)","level":"error","timestamp":"2018-11-23T17:23:29.221Z"}
{"message":"TypeError: photos.slice is not a function","stack":"Error: TypeError: photos.slice is not a function\n    at getAllPhotos (C:\\Or\\Web\\JobTests\\_Solutions_v2\\Server-Node\\routes\\photos.js:17:15)\n    at router.get (C:\\Or\\Web\\JobTests\\_Solutions_v2\\Server-Node\\routes\\photos.js:41:29)\n    at newFn (C:\\Or\\Web\\JobTests\\_Solutions_v2\\Server-Node\\node_modules\\express-async-errors\\index.js:16:20)\n    at Layer.handle [as handle_request] (C:\\Or\\Web\\JobTests\\_Solutions_v2\\Server-Node\\node_modules\\express\\lib\\router\\layer.js:95:5)\n    at next (C:\\Or\\Web\\JobTests\\_Solutions_v2\\Server-Node\\node_modules\\express\\lib\\router\\route.js:137:13)\n    at Route.dispatch (C:\\Or\\Web\\JobTests\\_Solutions_v2\\Server-Node\\node_modules\\express\\lib\\router\\route.js:112:3)\n    at newFn (C:\\Or\\Web\\JobTests\\_Solutions_v2\\Server-Node\\node_modules\\express-async-errors\\index.js:16:20)\n    at Layer.handle [as handle_request] (C:\\Or\\Web\\JobTests\\_Solutions_v2\\Server-Node\\node_modules\\express\\lib\\router\\layer.js:95:5)\n    at C:\\Or\\Web\\JobTests\\_Solutions_v2\\Server-Node\\node_modules\\express\\lib\\router\\index.js:281:22\n    at Function.process_params (C:\\Or\\Web\\JobTests\\_Solutions_v2\\Server-Node\\node_modules\\express\\lib\\router\\index.js:335:12)","level":"error","timestamp":"2018-11-23T17:23:36.090Z"}
{"level":"info","message":"Listening to port 3000...","timestamp":"2018-11-23T17:26:09.702Z"}
{"level":"info","message":"Server on development environment...","timestamp":"2018-11-23T17:26:09.704Z"}
{"message":"TypeError: photos.slice is not a function","stack":"Error: TypeError: photos.slice is not a function\n    at getPhotosAPI.then.catch.err (C:\\Or\\Web\\JobTests\\_Solutions_v2\\Server-Node\\core\\photos.js:14:19)\n    at process._tickCallback (internal/process/next_tick.js:68:7)","level":"error","timestamp":"2018-11-23T17:26:13.538Z"}
{"level":"info","message":"Listening to port 3000...","timestamp":"2018-11-23T17:26:53.997Z"}
{"level":"info","message":"Server on development environment...","timestamp":"2018-11-23T17:26:53.999Z"}
{"level":"info","message":"Listening to port 3000...","timestamp":"2018-11-23T17:27:19.947Z"}
{"level":"info","message":"Server on development environment...","timestamp":"2018-11-23T17:27:19.949Z"}
{"level":"info","message":"Listening to port 3000...","timestamp":"2018-11-23T17:28:51.563Z"}
{"level":"info","message":"Server on development environment...","timestamp":"2018-11-23T17:28:51.565Z"}
{"level":"info","message":"Listening to port 3000...","timestamp":"2018-11-23T17:30:19.629Z"}
{"level":"info","message":"Server on development environment...","timestamp":"2018-11-23T17:30:19.631Z"}